{"/Users/giuliandrimba/code/retain-mongodb/lib/index.js":{"path":"/Users/giuliandrimba/code/retain-mongodb/lib/index.js","s":{"1":1,"2":1,"3":1,"4":1,"5":1,"6":1,"7":1,"8":1,"9":1,"10":1,"11":1,"12":1,"13":1,"14":1,"15":1,"16":1,"17":1,"18":1,"19":1,"20":0,"21":0,"22":1,"23":1,"24":0,"25":1,"26":1,"27":1,"28":1,"29":1,"30":1,"31":1,"32":1,"33":1,"34":1,"35":1,"36":1,"37":1,"38":1,"39":1,"40":1,"41":1,"42":1,"43":0,"44":1},"b":{"1":[0,1],"2":[0,1],"3":[0,1]},"f":{"1":1,"2":1,"3":1,"4":1,"5":1,"6":1,"7":1,"8":1,"9":1,"10":1,"11":1,"12":0,"13":1},"fnMap":{"1":{"name":"(anonymous_1)","line":7,"loc":{"start":{"line":7,"column":17},"end":{"line":7,"column":27}}},"2":{"name":"_init","line":31,"loc":{"start":{"line":31,"column":0},"end":{"line":32,"column":0}}},"3":{"name":"(anonymous_3)","line":41,"loc":{"start":{"line":41,"column":82},"end":{"line":42,"column":2}}},"4":{"name":"_new","line":51,"loc":{"start":{"line":51,"column":0},"end":{"line":52,"column":0}}},"5":{"name":"(anonymous_5)","line":57,"loc":{"start":{"line":57,"column":13},"end":{"line":58,"column":2}}},"6":{"name":"(anonymous_6)","line":59,"loc":{"start":{"line":59,"column":70},"end":{"line":60,"column":4}}},"7":{"name":"_set","line":69,"loc":{"start":{"line":69,"column":0},"end":{"line":70,"column":0}}},"8":{"name":"_find","line":74,"loc":{"start":{"line":74,"column":0},"end":{"line":75,"column":0}}},"9":{"name":"_all","line":80,"loc":{"start":{"line":80,"column":0},"end":{"line":81,"column":0}}},"10":{"name":"_remove","line":85,"loc":{"start":{"line":85,"column":0},"end":{"line":86,"column":0}}},"11":{"name":"_search","line":90,"loc":{"start":{"line":90,"column":0},"end":{"line":91,"column":0}}},"12":{"name":"_save","line":95,"loc":{"start":{"line":95,"column":0},"end":{"line":96,"column":0}}},"13":{"name":"_queryHandler","line":100,"loc":{"start":{"line":100,"column":0},"end":{"line":101,"column":0}}}},"statementMap":{"1":{"start":{"line":3,"column":0},"end":{"line":3,"column":21}},"2":{"start":{"line":4,"column":0},"end":{"line":5,"column":0}},"3":{"start":{"line":5,"column":0},"end":{"line":5,"column":36}},"4":{"start":{"line":7,"column":0},"end":{"line":29,"column":2}},"5":{"start":{"line":9,"column":2},"end":{"line":11,"column":2}},"6":{"start":{"line":11,"column":2},"end":{"line":16,"column":4}},"7":{"start":{"line":18,"column":2},"end":{"line":18,"column":17}},"8":{"start":{"line":19,"column":2},"end":{"line":19,"column":17}},"9":{"start":{"line":20,"column":2},"end":{"line":20,"column":19}},"10":{"start":{"line":21,"column":2},"end":{"line":21,"column":17}},"11":{"start":{"line":22,"column":2},"end":{"line":22,"column":23}},"12":{"start":{"line":23,"column":2},"end":{"line":23,"column":23}},"13":{"start":{"line":24,"column":2},"end":{"line":24,"column":20}},"14":{"start":{"line":25,"column":2},"end":{"line":25,"column":25}},"15":{"start":{"line":26,"column":2},"end":{"line":26,"column":20}},"16":{"start":{"line":28,"column":2},"end":{"line":28,"column":13}},"17":{"start":{"line":31,"column":0},"end":{"line":49,"column":1}},"18":{"start":{"line":33,"column":2},"end":{"line":33,"column":18}},"19":{"start":{"line":35,"column":2},"end":{"line":39,"column":3}},"20":{"start":{"line":37,"column":4},"end":{"line":38,"column":4}},"21":{"start":{"line":38,"column":4},"end":{"line":38,"column":11}},"22":{"start":{"line":41,"column":2},"end":{"line":49,"column":0}},"23":{"start":{"line":43,"column":4},"end":{"line":43,"column":22}},"24":{"start":{"line":43,"column":12},"end":{"line":43,"column":22}},"25":{"start":{"line":45,"column":4},"end":{"line":45,"column":18}},"26":{"start":{"line":46,"column":4},"end":{"line":46,"column":27}},"27":{"start":{"line":47,"column":4},"end":{"line":47,"column":9}},"28":{"start":{"line":51,"column":0},"end":{"line":67,"column":1}},"29":{"start":{"line":53,"column":2},"end":{"line":53,"column":18}},"30":{"start":{"line":55,"column":2},"end":{"line":55,"column":27}},"31":{"start":{"line":57,"column":2},"end":{"line":63,"column":5}},"32":{"start":{"line":59,"column":4},"end":{"line":62,"column":8}},"33":{"start":{"line":61,"column":6},"end":{"line":61,"column":43}},"34":{"start":{"line":65,"column":2},"end":{"line":65,"column":26}},"35":{"start":{"line":69,"column":0},"end":{"line":72,"column":1}},"36":{"start":{"line":74,"column":0},"end":{"line":77,"column":1}},"37":{"start":{"line":80,"column":0},"end":{"line":83,"column":1}},"38":{"start":{"line":85,"column":0},"end":{"line":88,"column":1}},"39":{"start":{"line":90,"column":0},"end":{"line":93,"column":1}},"40":{"start":{"line":95,"column":0},"end":{"line":98,"column":1}},"41":{"start":{"line":100,"column":0},"end":{"line":110,"column":1}},"42":{"start":{"line":102,"column":2},"end":{"line":109,"column":3}},"43":{"start":{"line":104,"column":4},"end":{"line":104,"column":44}},"44":{"start":{"line":108,"column":4},"end":{"line":108,"column":30}}},"branchMap":{"1":{"line":35,"type":"if","locations":[{"start":{"line":35,"column":2},"end":{"line":35,"column":2}},{"start":{"line":35,"column":2},"end":{"line":35,"column":2}}]},"2":{"line":43,"type":"if","locations":[{"start":{"line":43,"column":4},"end":{"line":43,"column":4}},{"start":{"line":43,"column":4},"end":{"line":43,"column":4}}]},"3":{"line":102,"type":"if","locations":[{"start":{"line":102,"column":2},"end":{"line":102,"column":2}},{"start":{"line":102,"column":2},"end":{"line":102,"column":2}}]}}}}