TN:
SF:/Users/giuliandrimba/code/retain-mongodb/lib/index.js
FN:7,(anonymous_1)
FN:31,_init
FN:41,(anonymous_3)
FN:51,_new
FN:57,(anonymous_5)
FN:59,(anonymous_6)
FN:69,_set
FN:74,_find
FN:80,_all
FN:85,_remove
FN:90,_search
FN:95,_save
FN:100,_queryHandler
FNF:13
FNH:12
FNDA:1,(anonymous_1)
FNDA:1,_init
FNDA:1,(anonymous_3)
FNDA:1,_new
FNDA:1,(anonymous_5)
FNDA:1,(anonymous_6)
FNDA:1,_set
FNDA:1,_find
FNDA:1,_all
FNDA:1,_remove
FNDA:1,_search
FNDA:0,_save
FNDA:1,_queryHandler
DA:3,1
DA:4,1
DA:5,1
DA:7,1
DA:9,1
DA:11,1
DA:18,1
DA:19,1
DA:20,1
DA:21,1
DA:22,1
DA:23,1
DA:24,1
DA:25,1
DA:26,1
DA:28,1
DA:31,1
DA:33,1
DA:35,1
DA:37,0
DA:38,0
DA:41,1
DA:43,1
DA:45,1
DA:46,1
DA:47,1
DA:51,1
DA:53,1
DA:55,1
DA:57,1
DA:59,1
DA:61,1
DA:65,1
DA:69,1
DA:74,1
DA:80,1
DA:85,1
DA:90,1
DA:95,1
DA:100,1
DA:102,1
DA:104,0
DA:108,1
LF:43
LH:40
BRDA:35,1,0,0
BRDA:35,1,1,1
BRDA:43,2,0,0
BRDA:43,2,1,1
BRDA:102,3,0,0
BRDA:102,3,1,1
BRF:6
BRH:3
end_of_record
